<?xml version="1.0" encoding="UTF-8"?>
<robot generator="Robot 7.3.2 (Python 3.13.5 on win32)" generated="2025-08-26T19:24:15.627757" rpa="false" schemaversion="5">
<suite id="s1" name="Company" source="C:\Users\aline\invictus-academyt14-front-robot\tests\company\company.robot">
<test id="s1-t1" name="Cadastro de empresa com sucesso" line="7">
<kw name="Abrir navegador" owner="company" type="SETUP">
<kw name="Open Browser" owner="SeleniumLibrary">
<msg time="2025-08-26T19:24:15.874063" level="INFO">Opening browser 'Chrome' to base url 'https://invictus.qacoders.dev.br/login'.</msg>
<arg>${urlBase}</arg>
<arg>${browser}</arg>
<doc>Opens a new browser instance to the optional ``url``.</doc>
<status status="PASS" start="2025-08-26T19:24:15.873847" elapsed="5.650608"/>
</kw>
<kw name="Maximize Browser Window" owner="SeleniumLibrary">
<doc>Maximizes current browser window.</doc>
<status status="PASS" start="2025-08-26T19:24:21.524893" elapsed="0.061880"/>
</kw>
<status status="PASS" start="2025-08-26T19:24:15.873351" elapsed="5.713933"/>
</kw>
<kw name="Passo 1 - Acessar o site" owner="company">
<kw name="Go To" owner="SeleniumLibrary">
<msg time="2025-08-26T19:24:21.589310" level="INFO">Opening url 'https://invictus.qacoders.dev.br/login'</msg>
<arg>${urlBase}</arg>
<doc>Navigates the current browser window to the provided ``url``.</doc>
<status status="PASS" start="2025-08-26T19:24:21.589059" elapsed="0.244664"/>
</kw>
<status status="PASS" start="2025-08-26T19:24:21.588457" elapsed="0.245461"/>
</kw>
<kw name="Passo 2 - Fazer login" owner="company">
<kw name="Wait Until Element Is Visible" owner="SeleniumLibrary">
<arg>${loginEmailField}</arg>
<arg>timeout=10s</arg>
<doc>Waits until the element ``locator`` is visible.</doc>
<status status="PASS" start="2025-08-26T19:24:21.834941" elapsed="0.093352"/>
</kw>
<kw name="Input Text" owner="SeleniumLibrary">
<msg time="2025-08-26T19:24:21.929034" level="INFO">Typing text 'alinetest@qacoders.com' into text field 'id=email'.</msg>
<arg>${loginEmailField}</arg>
<arg>${username}</arg>
<doc>Types the given ``text`` into the text field identified by ``locator``.</doc>
<status status="PASS" start="2025-08-26T19:24:21.928603" elapsed="0.178178"/>
</kw>
<kw name="Wait Until Element Is Visible" owner="SeleniumLibrary">
<arg>${loginPasswordField}</arg>
<arg>timeout=10s</arg>
<doc>Waits until the element ``locator`` is visible.</doc>
<status status="PASS" start="2025-08-26T19:24:22.107000" elapsed="0.021029"/>
</kw>
<kw name="Input Text" owner="SeleniumLibrary">
<msg time="2025-08-26T19:24:22.128563" level="INFO">Typing text '1234@Test' into text field 'id=password'.</msg>
<arg>${loginPasswordField}</arg>
<arg>${password}</arg>
<doc>Types the given ``text`` into the text field identified by ``locator``.</doc>
<status status="PASS" start="2025-08-26T19:24:22.128255" elapsed="0.092452"/>
</kw>
<kw name="Wait Until Element Is Visible" owner="SeleniumLibrary">
<arg>${loginButton}</arg>
<arg>timeout=10s</arg>
<doc>Waits until the element ``locator`` is visible.</doc>
<status status="PASS" start="2025-08-26T19:24:22.221199" elapsed="0.019417"/>
</kw>
<kw name="Click Button" owner="SeleniumLibrary">
<msg time="2025-08-26T19:24:22.241391" level="INFO">Clicking button 'id=login'.</msg>
<arg>${loginButton}</arg>
<doc>Clicks the button identified by ``locator``.</doc>
<status status="PASS" start="2025-08-26T19:24:22.240774" elapsed="0.095127"/>
</kw>
<kw name="Wait Until Element Is Visible" owner="SeleniumLibrary">
<arg>${cadastrosMenu}</arg>
<arg>timeout=10s</arg>
<doc>Waits until the element ``locator`` is visible.</doc>
<status status="PASS" start="2025-08-26T19:24:22.336102" elapsed="1.268901"/>
</kw>
<kw name="Click Element" owner="SeleniumLibrary">
<msg time="2025-08-26T19:24:23.605563" level="INFO">Clicking element 'class=css-11z55jn'.</msg>
<arg>${cadastrosMenu}</arg>
<doc>Click the element identified by ``locator``.</doc>
<status status="PASS" start="2025-08-26T19:24:23.605252" elapsed="0.065182"/>
</kw>
<status status="PASS" start="2025-08-26T19:24:21.834392" elapsed="1.836200"/>
</kw>
<kw name="Passo 3 - Clicar em Empresa" owner="company">
<kw name="Wait Until Element Is Visible" owner="SeleniumLibrary">
<arg>${companyMenu}</arg>
<arg>timeout=10s</arg>
<doc>Waits until the element ``locator`` is visible.</doc>
<status status="PASS" start="2025-08-26T19:24:23.671760" elapsed="0.027787"/>
</kw>
<kw name="Click Element" owner="SeleniumLibrary">
<msg time="2025-08-26T19:24:23.700171" level="INFO">Clicking element 'id=Empresa'.</msg>
<arg>${companyMenu}</arg>
<doc>Click the element identified by ``locator``.</doc>
<status status="PASS" start="2025-08-26T19:24:23.699719" elapsed="0.090123"/>
</kw>
<status status="PASS" start="2025-08-26T19:24:23.671268" elapsed="0.118740"/>
</kw>
<kw name="Passo 4 - Clicar em Novo Cadastro" owner="company">
<kw name="Wait Until Element Is Visible" owner="SeleniumLibrary">
<arg>${newCompanyButton}</arg>
<arg>timeout=10s</arg>
<doc>Waits until the element ``locator`` is visible.</doc>
<status status="PASS" start="2025-08-26T19:24:23.790869" elapsed="0.054608"/>
</kw>
<kw name="Click Element" owner="SeleniumLibrary">
<msg time="2025-08-26T19:24:23.846043" level="INFO">Clicking element 'id=Novo Cadastro'.</msg>
<arg>${newCompanyButton}</arg>
<doc>Click the element identified by ``locator``.</doc>
<status status="PASS" start="2025-08-26T19:24:23.845723" elapsed="0.099103"/>
</kw>
<status status="PASS" start="2025-08-26T19:24:23.790440" elapsed="0.154602"/>
</kw>
<kw name="Passo 5 - Preencher dados da Empresa" owner="company">
<kw name="Wait Until Element Is Visible" owner="SeleniumLibrary">
<arg>${razaoSocialField}</arg>
<arg>timeout=10s</arg>
<doc>Waits until the element ``locator`` is visible.</doc>
<status status="PASS" start="2025-08-26T19:24:23.946411" elapsed="0.033333"/>
</kw>
<kw name="Click Element" owner="SeleniumLibrary">
<msg time="2025-08-26T19:24:23.980214" level="INFO">Clicking element 'id=companyName'.</msg>
<arg>${razaoSocialField}</arg>
<doc>Click the element identified by ``locator``.</doc>
<status status="PASS" start="2025-08-26T19:24:23.979958" elapsed="0.153488"/>
</kw>
<kw name="Input Text" owner="SeleniumLibrary">
<msg time="2025-08-26T19:24:24.135586" level="INFO">Typing text 'Invictuss' into text field 'id=companyName'.</msg>
<arg>${razaoSocialField}</arg>
<arg>${corporateName}</arg>
<doc>Types the given ``text`` into the text field identified by ``locator``.</doc>
<status status="PASS" start="2025-08-26T19:24:24.134481" elapsed="0.268150"/>
</kw>
<kw name="Input Text" owner="SeleniumLibrary">
<msg time="2025-08-26T19:24:24.404547" level="INFO">Typing text 'Invictus Teste' into text field 'id=fantasyName'.</msg>
<arg>${nomeFantasiaField}</arg>
<arg>${fantasyName}</arg>
<doc>Types the given ``text`` into the text field identified by ``locator``.</doc>
<status status="PASS" start="2025-08-26T19:24:24.403031" elapsed="0.172719"/>
</kw>
<kw name="Input Text" owner="SeleniumLibrary">
<msg time="2025-08-26T19:24:24.576838" level="INFO">Typing text 'tes@teste.com' into text field 'id=companyMail'.</msg>
<arg>${emailCompanyField}</arg>
<arg>${companyEmail}</arg>
<doc>Types the given ``text`` into the text field identified by ``locator``.</doc>
<status status="PASS" start="2025-08-26T19:24:24.576212" elapsed="0.299722"/>
</kw>
<kw name="Input Text" owner="SeleniumLibrary">
<msg time="2025-08-26T19:24:24.877491" level="INFO">Typing text '12265678000195' into text field 'id=matriz'.</msg>
<arg>${cnpjField}</arg>
<arg>${registerNumber}</arg>
<doc>Types the given ``text`` into the text field identified by ``locator``.</doc>
<status status="PASS" start="2025-08-26T19:24:24.876563" elapsed="0.235316"/>
</kw>
<kw name="Input Text" owner="SeleniumLibrary">
<msg time="2025-08-26T19:24:25.113491" level="INFO">Typing text '+551991982985' into text field 'id=telephone'.</msg>
<arg>${telefoneField}</arg>
<arg>${telephone}</arg>
<doc>Types the given ``text`` into the text field identified by ``locator``.</doc>
<status status="PASS" start="2025-08-26T19:24:25.112576" elapsed="0.270045"/>
</kw>
<kw name="Input Text" owner="SeleniumLibrary">
<msg time="2025-08-26T19:24:25.384727" level="INFO">Typing text 'Maria Silva' into text field 'id=fullName'.</msg>
<arg>${responsavelField}</arg>
<arg>${responsibleContact}</arg>
<doc>Types the given ``text`` into the text field identified by ``locator``.</doc>
<status status="PASS" start="2025-08-26T19:24:25.384028" elapsed="0.251408"/>
</kw>
<kw name="Input Text" owner="SeleniumLibrary">
<msg time="2025-08-26T19:24:25.638322" level="INFO">Typing text 'Serviços de QA' into text field 'id=serviceDescription'.</msg>
<arg>${serviceDescField}</arg>
<arg>${serviceDescription}</arg>
<doc>Types the given ``text`` into the text field identified by ``locator``.</doc>
<status status="PASS" start="2025-08-26T19:24:25.636233" elapsed="0.272315"/>
</kw>
<kw name="Input Text" owner="SeleniumLibrary">
<msg time="2025-08-26T19:24:25.909984" level="INFO">Typing text '91945970' into text field 'id=zipCode'.</msg>
<arg>${cepField}</arg>
<arg>${cep}</arg>
<doc>Types the given ``text`` into the text field identified by ``locator``.</doc>
<status status="PASS" start="2025-08-26T19:24:25.909187" elapsed="0.258223"/>
</kw>
<kw name="Input Text" owner="SeleniumLibrary">
<msg time="2025-08-26T19:24:26.167922" level="INFO">Typing text 'Brasil' into text field 'id=country'.</msg>
<arg>${paisField}</arg>
<arg>${pais}</arg>
<doc>Types the given ``text`` into the text field identified by ``locator``.</doc>
<status status="PASS" start="2025-08-26T19:24:26.167620" elapsed="0.257136"/>
</kw>
<kw name="Input Text" owner="SeleniumLibrary">
<msg time="2025-08-26T19:24:26.425270" level="INFO">Typing text 'Porto Alegre' into text field 'id=city'.</msg>
<arg>${cidadeField}</arg>
<arg>${cidade}</arg>
<doc>Types the given ``text`` into the text field identified by ``locator``.</doc>
<status status="PASS" start="2025-08-26T19:24:26.424993" elapsed="0.272660"/>
</kw>
<kw name="Input Text" owner="SeleniumLibrary">
<msg time="2025-08-26T19:24:26.698549" level="INFO">Typing text 'RS' into text field 'id=state'.</msg>
<arg>${estadoField}</arg>
<arg>${estado}</arg>
<doc>Types the given ``text`` into the text field identified by ``locator``.</doc>
<status status="PASS" start="2025-08-26T19:24:26.698029" elapsed="0.242768"/>
</kw>
<kw name="Input Text" owner="SeleniumLibrary">
<msg time="2025-08-26T19:24:26.942375" level="INFO">Typing text 'Centro' into text field 'id=district'.</msg>
<arg>${bairroField}</arg>
<arg>${bairro}</arg>
<doc>Types the given ``text`` into the text field identified by ``locator``.</doc>
<status status="PASS" start="2025-08-26T19:24:26.941383" elapsed="0.287933"/>
</kw>
<kw name="Input Text" owner="SeleniumLibrary">
<msg time="2025-08-26T19:24:27.229892" level="INFO">Typing text 'Rua Maua' into text field 'id=street'.</msg>
<arg>${ruaField}</arg>
<arg>${rua}</arg>
<doc>Types the given ``text`` into the text field identified by ``locator``.</doc>
<status status="PASS" start="2025-08-26T19:24:27.229564" elapsed="0.255722"/>
</kw>
<kw name="Input Text" owner="SeleniumLibrary">
<msg time="2025-08-26T19:24:27.487002" level="INFO">Typing text '1000' into text field 'id=number'.</msg>
<arg>${numeroField}</arg>
<arg>${numero}</arg>
<doc>Types the given ``text`` into the text field identified by ``locator``.</doc>
<status status="PASS" start="2025-08-26T19:24:27.486064" elapsed="0.228110"/>
</kw>
<kw name="Input Text" owner="SeleniumLibrary">
<msg time="2025-08-26T19:24:27.716098" level="INFO">Typing text 'Apto 101' into text field 'id=complement'.</msg>
<arg>${complementoField}</arg>
<arg>${complemento}</arg>
<doc>Types the given ``text`` into the text field identified by ``locator``.</doc>
<status status="PASS" start="2025-08-26T19:24:27.715066" elapsed="0.239912"/>
</kw>
<status status="PASS" start="2025-08-26T19:24:23.945906" elapsed="4.009462"/>
</kw>
<kw name="Passo 6 - Clicar no botão SALVAR" owner="company">
<kw name="Wait Until Element Is Visible" owner="SeleniumLibrary">
<arg>${saveButton}</arg>
<arg>timeout=10s</arg>
<doc>Waits until the element ``locator`` is visible.</doc>
<status status="PASS" start="2025-08-26T19:24:27.957352" elapsed="0.041541"/>
</kw>
<kw name="Click Button" owner="SeleniumLibrary">
<msg time="2025-08-26T19:24:27.999340" level="INFO">Clicking button 'id=save'.</msg>
<arg>${saveButton}</arg>
<doc>Clicks the button identified by ``locator``.</doc>
<status status="PASS" start="2025-08-26T19:24:27.999097" elapsed="0.224776"/>
</kw>
<kw name="Wait Until Element Is Visible" owner="SeleniumLibrary">
<msg time="2025-08-26T19:24:43.396124" level="INFO" html="true">&lt;/td&gt;&lt;/tr&gt;&lt;tr&gt;&lt;td colspan="3"&gt;&lt;a href="selenium-screenshot-1.png"&gt;&lt;img src="selenium-screenshot-1.png" width="800px"&gt;&lt;/a&gt;</msg>
<msg time="2025-08-26T19:24:43.396351" level="FAIL">Element 'xpath=//div[contains(text(),"Cadastro realizado com sucesso")]' not visible after 15 seconds.</msg>
<arg>${successMessage}</arg>
<arg>timeout=15s</arg>
<doc>Waits until the element ``locator`` is visible.</doc>
<status status="FAIL" start="2025-08-26T19:24:28.224467" elapsed="15.217309">Element 'xpath=//div[contains(text(),"Cadastro realizado com sucesso")]' not visible after 15 seconds.</status>
</kw>
<status status="FAIL" start="2025-08-26T19:24:27.956417" elapsed="15.485626">Element 'xpath=//div[contains(text(),"Cadastro realizado com sucesso")]' not visible after 15 seconds.</status>
</kw>
<kw name="Fechar navegador" owner="company" type="TEARDOWN">
<kw name="Close Browser" owner="SeleniumLibrary">
<doc>Closes the current browser.</doc>
<status status="PASS" start="2025-08-26T19:24:43.443143" elapsed="2.219406"/>
</kw>
<status status="PASS" start="2025-08-26T19:24:43.442728" elapsed="2.219952"/>
</kw>
<status status="FAIL" start="2025-08-26T19:24:15.872649" elapsed="29.790450">Element 'xpath=//div[contains(text(),"Cadastro realizado com sucesso")]' not visible after 15 seconds.</status>
</test>
<status status="FAIL" start="2025-08-26T19:24:15.629401" elapsed="30.035045"/>
</suite>
<statistics>
<total>
<stat pass="0" fail="1" skip="0">All Tests</stat>
</total>
<tag>
</tag>
<suite>
<stat name="Company" id="s1" pass="0" fail="1" skip="0">Company</stat>
</suite>
</statistics>
<errors>
</errors>
</robot>
