<?xml version="1.0" encoding="UTF-8"?>
<robot generator="Robot 7.3.2 (Python 3.13.5 on darwin)" generated="2025-08-19T23:53:12.864250" rpa="false" schemaversion="5">
<suite id="s1" name="Client" source="/Users/alissontomazelli/Documents/Invictus/invictus-academyt14-front-robot/tests/cadastro/client.robot">
<test id="s1-t1" name="Cenário de Teste" line="7">
<kw name="Abrir o navegador" owner="client" type="SETUP">
<kw name="Open Browser" owner="SeleniumLibrary">
<msg time="2025-08-19T23:53:12.911102" level="INFO">Opening browser 'Chrome' to base url 'https://invictus.qacoders.dev.br/login'.</msg>
<msg time="2025-08-19T23:53:12.988710" level="WARN">The chromedriver version (138.0.7204.157) detected in PATH at /opt/homebrew/bin/chromedriver might not be compatible with the detected chrome version (139.0.7258.128); currently, chromedriver 139.0.7258.138 is recommended for chrome 139.*, so it is advised to delete the driver in PATH and retry</msg>
<arg>${urlBase}</arg>
<arg>${browser}</arg>
<doc>Opens a new browser instance to the optional ``url``.</doc>
<status status="PASS" start="2025-08-19T23:53:12.911000" elapsed="3.007330"/>
</kw>
<kw name="Maximize Browser Window" owner="SeleniumLibrary">
<doc>Maximizes current browser window.</doc>
<status status="PASS" start="2025-08-19T23:53:15.918677" elapsed="0.368314"/>
</kw>
<status status="PASS" start="2025-08-19T23:53:12.910753" elapsed="3.376466"/>
</kw>
<kw name="Passo 1 - Acessar o site" owner="client">
<kw name="Go To" owner="SeleniumLibrary">
<msg time="2025-08-19T23:53:16.288141" level="INFO">Opening url 'https://invictus.qacoders.dev.br/login'</msg>
<arg>${urlBase}</arg>
<doc>Navigates the current browser window to the provided ``url``.</doc>
<status status="PASS" start="2025-08-19T23:53:16.288016" elapsed="0.313325"/>
</kw>
<status status="PASS" start="2025-08-19T23:53:16.287711" elapsed="0.313740"/>
</kw>
<kw name="Passo 2 - Fazer login" owner="client">
<kw name="Wait Until Element Is Visible" owner="SeleniumLibrary">
<arg>locator=${emailPosition}</arg>
<doc>Waits until the element ``locator`` is visible.</doc>
<status status="PASS" start="2025-08-19T23:53:16.602071" elapsed="0.009387"/>
</kw>
<kw name="Input Text" owner="SeleniumLibrary">
<msg time="2025-08-19T23:53:16.611727" level="INFO">Typing text 'alissontomazelli@invictus.com.br' into text field 'id=email'.</msg>
<arg>locator=${emailPosition}</arg>
<arg>text=${username}</arg>
<doc>Types the given ``text`` into the text field identified by ``locator``.</doc>
<status status="PASS" start="2025-08-19T23:53:16.611566" elapsed="0.093736"/>
</kw>
<status status="PASS" start="2025-08-19T23:53:16.601736" elapsed="0.103627"/>
</kw>
<kw name="Passo 3 - Digitar senha" owner="client">
<kw name="Wait Until Element Is Visible" owner="SeleniumLibrary">
<arg>locator=${passwordPosition}</arg>
<arg>timeout=10s</arg>
<doc>Waits until the element ``locator`` is visible.</doc>
<status status="PASS" start="2025-08-19T23:53:16.705609" elapsed="0.005704"/>
</kw>
<kw name="Input Text" owner="SeleniumLibrary">
<msg time="2025-08-19T23:53:16.711518" level="INFO">Typing text '1234@Test' into text field 'id=password'.</msg>
<arg>locator=${passwordPosition}</arg>
<arg>text=${password}</arg>
<doc>Types the given ``text`` into the text field identified by ``locator``.</doc>
<status status="PASS" start="2025-08-19T23:53:16.711391" elapsed="0.022436"/>
</kw>
<status status="PASS" start="2025-08-19T23:53:16.705486" elapsed="0.028449"/>
</kw>
<kw name="Passo 4 - Clicar no botão de login" owner="client">
<kw name="Wait Until Element Is Visible" owner="SeleniumLibrary">
<arg>locator=${loginButtonPosition}</arg>
<arg>timeout=10s</arg>
<doc>Waits until the element ``locator`` is visible.</doc>
<status status="PASS" start="2025-08-19T23:53:16.734247" elapsed="0.005147"/>
</kw>
<kw name="Click Button" owner="SeleniumLibrary">
<msg time="2025-08-19T23:53:16.739558" level="INFO">Clicking button 'id=login'.</msg>
<arg>locator=${loginButtonPosition}</arg>
<doc>Clicks the button identified by ``locator``.</doc>
<status status="PASS" start="2025-08-19T23:53:16.739468" elapsed="0.030035"/>
</kw>
<kw name="Sleep" owner="BuiltIn">
<msg time="2025-08-19T23:53:21.770288" level="INFO">Slept 5 seconds.</msg>
<arg>5s</arg>
<doc>Pauses the test executed for the given time.</doc>
<status status="PASS" start="2025-08-19T23:53:16.769623" elapsed="5.001150"/>
</kw>
<status status="PASS" start="2025-08-19T23:53:16.734106" elapsed="5.036978"/>
</kw>
<kw name="Passo 5 - Verificar se o login foi bem-sucedido e clicar em cadastros" owner="client">
<kw name="Wait Until Element Is Visible" owner="SeleniumLibrary">
<arg>locator=${cadastrosPosition}</arg>
<arg>timeout=10s</arg>
<doc>Waits until the element ``locator`` is visible.</doc>
<status status="PASS" start="2025-08-19T23:53:21.772539" elapsed="0.015585"/>
</kw>
<kw name="Click Element" owner="SeleniumLibrary">
<msg time="2025-08-19T23:53:21.788625" level="INFO">Clicking element 'class=css-11z55jn'.</msg>
<arg>locator=${cadastrosPosition}</arg>
<doc>Click the element identified by ``locator``.</doc>
<status status="PASS" start="2025-08-19T23:53:21.788335" elapsed="0.031523"/>
</kw>
<status status="PASS" start="2025-08-19T23:53:21.771841" elapsed="0.048076"/>
</kw>
<kw name="Passo 6 - Clicar em Cadastro">
<msg time="2025-08-19T23:53:21.823123" level="FAIL">No keyword with name 'Passo 6 - Clicar em Cadastro' found.</msg>
<status status="FAIL" start="2025-08-19T23:53:21.823074" elapsed="0.000086">No keyword with name 'Passo 6 - Clicar em Cadastro' found.</status>
</kw>
<kw name="Passo 7 - Clicar em Cliente" owner="client">
<status status="NOT RUN" start="2025-08-19T23:53:21.823323" elapsed="0.000029"/>
</kw>
<kw name="Fechar o navegador" owner="client" type="TEARDOWN">
<kw name="Close Browser" owner="SeleniumLibrary">
<doc>Closes the current browser.</doc>
<status status="PASS" start="2025-08-19T23:53:21.823653" elapsed="0.071492"/>
</kw>
<status status="PASS" start="2025-08-19T23:53:21.823524" elapsed="0.071687"/>
</kw>
<status status="FAIL" start="2025-08-19T23:53:12.910480" elapsed="8.984795">No keyword with name 'Passo 6 - Clicar em Cadastro' found.</status>
</test>
<status status="FAIL" start="2025-08-19T23:53:12.864882" elapsed="9.030634"/>
</suite>
<statistics>
<total>
<stat pass="0" fail="1" skip="0">All Tests</stat>
</total>
<tag>
</tag>
<suite>
<stat name="Client" id="s1" pass="0" fail="1" skip="0">Client</stat>
</suite>
</statistics>
<errors>
<msg time="2025-08-19T23:53:12.988710" level="WARN">The chromedriver version (138.0.7204.157) detected in PATH at /opt/homebrew/bin/chromedriver might not be compatible with the detected chrome version (139.0.7258.128); currently, chromedriver 139.0.7258.138 is recommended for chrome 139.*, so it is advised to delete the driver in PATH and retry</msg>
</errors>
</robot>
