<?xml version="1.0" encoding="UTF-8"?>
<robot generator="Robot 7.3.2 (Python 3.13.5 on darwin)" generated="2025-08-23T16:33:42.316752" rpa="false" schemaversion="5">
<suite id="s1" name="Edit" source="/Users/alissontomazelli/Documents/Invictus/invictus-academyt14-front-robot/tests/client/edit.robot">
<test id="s1-t1" name="Cenário de Teste" line="7">
<kw name="Abrir o navegador" owner="client" type="SETUP">
<kw name="Open Browser" owner="SeleniumLibrary">
<msg time="2025-08-23T16:33:42.394864" level="INFO">Opening browser 'Chrome' to base url 'https://invictus.qacoders.dev.br/login'.</msg>
<msg time="2025-08-23T16:33:47.161200" level="WARN">The chromedriver version (138.0.7204.157) detected in PATH at /opt/homebrew/bin/chromedriver might not be compatible with the detected chrome version (139.0.7258.139); currently, chromedriver 139.0.7258.138 is recommended for chrome 139.*, so it is advised to delete the driver in PATH and retry</msg>
<arg>${urlBase}</arg>
<arg>${browser}</arg>
<doc>Opens a new browser instance to the optional ``url``.</doc>
<status status="PASS" start="2025-08-23T16:33:42.394766" elapsed="15.353249"/>
</kw>
<kw name="Maximize Browser Window" owner="SeleniumLibrary">
<doc>Maximizes current browser window.</doc>
<status status="PASS" start="2025-08-23T16:33:57.748582" elapsed="0.370253"/>
</kw>
<status status="PASS" start="2025-08-23T16:33:42.394480" elapsed="15.724480"/>
</kw>
<kw name="Passo 1 - Acessar o site" owner="client">
<kw name="Go To" owner="SeleniumLibrary">
<msg time="2025-08-23T16:33:58.119562" level="INFO">Opening url 'https://invictus.qacoders.dev.br/login'</msg>
<arg>${urlBase}</arg>
<doc>Navigates the current browser window to the provided ``url``.</doc>
<status status="PASS" start="2025-08-23T16:33:58.119464" elapsed="0.314358"/>
</kw>
<status status="PASS" start="2025-08-23T16:33:58.119252" elapsed="0.314698"/>
</kw>
<kw name="Passo 2 - Fazer login" owner="client">
<kw name="Wait Until Element Is Visible" owner="SeleniumLibrary">
<arg>locator=${emailPosition}</arg>
<doc>Waits until the element ``locator`` is visible.</doc>
<status status="PASS" start="2025-08-23T16:33:58.434600" elapsed="0.010972"/>
</kw>
<kw name="Input Text" owner="SeleniumLibrary">
<msg time="2025-08-23T16:33:58.445840" level="INFO">Typing text 'alissontomazelli@invictus.com.br' into text field 'id=email'.</msg>
<arg>locator=${emailPosition}</arg>
<arg>text=${username}</arg>
<doc>Types the given ``text`` into the text field identified by ``locator``.</doc>
<status status="PASS" start="2025-08-23T16:33:58.445677" elapsed="0.090369"/>
</kw>
<status status="PASS" start="2025-08-23T16:33:58.434221" elapsed="0.101883"/>
</kw>
<kw name="Passo 3 - Digitar senha" owner="client">
<kw name="Wait Until Element Is Visible" owner="SeleniumLibrary">
<arg>locator=${passwordPosition}</arg>
<arg>timeout=10s</arg>
<doc>Waits until the element ``locator`` is visible.</doc>
<status status="PASS" start="2025-08-23T16:33:58.536343" elapsed="0.005352"/>
</kw>
<kw name="Input Text" owner="SeleniumLibrary">
<msg time="2025-08-23T16:33:58.541931" level="INFO">Typing text '1234@Test' into text field 'id=password'.</msg>
<arg>locator=${passwordPosition}</arg>
<arg>text=${password}</arg>
<doc>Types the given ``text`` into the text field identified by ``locator``.</doc>
<status status="PASS" start="2025-08-23T16:33:58.541767" elapsed="0.023447"/>
</kw>
<status status="PASS" start="2025-08-23T16:33:58.536223" elapsed="0.029042"/>
</kw>
<kw name="Passo 4 - Clicar no botão de login" owner="client">
<kw name="Wait Until Element Is Visible" owner="SeleniumLibrary">
<arg>locator=${loginButtonPosition}</arg>
<arg>timeout=10s</arg>
<doc>Waits until the element ``locator`` is visible.</doc>
<status status="PASS" start="2025-08-23T16:33:58.565505" elapsed="0.005650"/>
</kw>
<kw name="Click Button" owner="SeleniumLibrary">
<msg time="2025-08-23T16:33:58.571319" level="INFO">Clicking button 'id=login'.</msg>
<arg>locator=${loginButtonPosition}</arg>
<doc>Clicks the button identified by ``locator``.</doc>
<status status="PASS" start="2025-08-23T16:33:58.571222" elapsed="0.026501"/>
</kw>
<status status="PASS" start="2025-08-23T16:33:58.565385" elapsed="0.032394"/>
</kw>
<kw name="Passo 5 - Verificar se o login foi bem-sucedido e clicar em cadastros" owner="client">
<kw name="Wait Until Element Is Visible" owner="SeleniumLibrary">
<arg>locator=${cadastrosPosition}</arg>
<arg>timeout=10s</arg>
<doc>Waits until the element ``locator`` is visible.</doc>
<status status="PASS" start="2025-08-23T16:33:58.598021" elapsed="3.583136"/>
</kw>
<kw name="Click Element" owner="SeleniumLibrary">
<msg time="2025-08-23T16:34:02.181474" level="INFO">Clicking element 'class=css-11z55jn'.</msg>
<arg>locator=${cadastrosPosition}</arg>
<doc>Click the element identified by ``locator``.</doc>
<status status="PASS" start="2025-08-23T16:34:02.181286" elapsed="0.027295"/>
</kw>
<status status="PASS" start="2025-08-23T16:33:58.597895" elapsed="3.610765"/>
</kw>
<kw name="Passo 6 - Clicar em Cliente" owner="client">
<kw name="Wait Until Element Is Visible" owner="SeleniumLibrary">
<arg>locator=${clientePosition}</arg>
<arg>timeout=10s</arg>
<doc>Waits until the element ``locator`` is visible.</doc>
<status status="PASS" start="2025-08-23T16:34:02.209450" elapsed="0.006978"/>
</kw>
<kw name="Click Element" owner="SeleniumLibrary">
<msg time="2025-08-23T16:34:02.216650" level="INFO">Clicking element 'id=Cliente'.</msg>
<arg>locator=${clientePosition}</arg>
<doc>Click the element identified by ``locator``.</doc>
<status status="PASS" start="2025-08-23T16:34:02.216523" elapsed="0.021949"/>
</kw>
<status status="PASS" start="2025-08-23T16:34:02.208903" elapsed="0.029635"/>
</kw>
<kw name="Clicar em editar" owner="client">
<kw name="Wait Until Element Is Visible" owner="SeleniumLibrary">
<arg>locator=${editPosition}</arg>
<arg>timeout=5s</arg>
<doc>Waits until the element ``locator`` is visible.</doc>
<status status="PASS" start="2025-08-23T16:34:02.238828" elapsed="2.104076"/>
</kw>
<kw name="Click Button" owner="SeleniumLibrary">
<msg time="2025-08-23T16:34:04.343275" level="INFO">Clicking button 'id=edit'.</msg>
<arg>locator=${editPosition}</arg>
<doc>Clicks the button identified by ``locator``.</doc>
<status status="PASS" start="2025-08-23T16:34:04.343059" elapsed="0.101029"/>
</kw>
<kw name="Sleep" owner="BuiltIn">
<msg time="2025-08-23T16:34:09.445170" level="INFO">Slept 5 seconds.</msg>
<arg>5s</arg>
<doc>Pauses the test executed for the given time.</doc>
<status status="PASS" start="2025-08-23T16:34:04.444286" elapsed="5.001222"/>
</kw>
<status status="PASS" start="2025-08-23T16:34:02.238671" elapsed="7.207104"/>
</kw>
<kw name="Editar cadastro de cliente" owner="client">
<kw name="Wait Until Element Is Visible" owner="SeleniumLibrary">
<arg>locator=${fullNamePosition}</arg>
<arg>timeout=10s</arg>
<doc>Waits until the element ``locator`` is visible.</doc>
<status status="PASS" start="2025-08-23T16:34:09.447013" elapsed="0.014954"/>
</kw>
<kw name="Wait Until Element Is Enabled" owner="SeleniumLibrary">
<arg>locator=${fullNamePosition}</arg>
<arg>timeout=10s</arg>
<doc>Waits until the element ``locator`` is enabled.</doc>
<status status="PASS" start="2025-08-23T16:34:09.462140" elapsed="0.010359"/>
</kw>
<kw name="Scroll Element Into View" owner="SeleniumLibrary">
<arg>locator=${fullNamePosition}</arg>
<doc>Scrolls the element identified by ``locator`` into view.</doc>
<status status="PASS" start="2025-08-23T16:34:09.472605" elapsed="0.265079"/>
</kw>
<kw name="Click Element" owner="SeleniumLibrary">
<msg time="2025-08-23T16:34:09.738482" level="INFO">Clicking element 'id=fullName'.</msg>
<arg>locator=${fullNamePosition}</arg>
<doc>Click the element identified by ``locator``.</doc>
<status status="PASS" start="2025-08-23T16:34:09.738040" elapsed="0.041101"/>
</kw>
<kw name="Sleep" owner="BuiltIn">
<msg time="2025-08-23T16:34:11.780973" level="INFO">Slept 2 seconds.</msg>
<arg>2s</arg>
<doc>Pauses the test executed for the given time.</doc>
<status status="PASS" start="2025-08-23T16:34:09.779336" elapsed="2.001957"/>
</kw>
<kw name="Press Keys" owner="SeleniumLibrary">
<msg time="2025-08-23T16:34:11.782909" level="INFO">Sending key(s) ('COMMAND+A',) to id=fullName element.</msg>
<msg time="2025-08-23T16:34:12.058280" level="INFO">Pressing special key COMMAND down.</msg>
<msg time="2025-08-23T16:34:12.058454" level="INFO">Sending key A</msg>
<msg time="2025-08-23T16:34:12.058503" level="INFO">Releasing special key COMMAND.</msg>
<arg>${fullNamePosition}</arg>
<arg>COMMAND+A</arg>
<doc>Simulates the user pressing key(s) to an element or on the active browser.</doc>
<status status="PASS" start="2025-08-23T16:34:11.781763" elapsed="0.284296"/>
</kw>
<kw name="Sleep" owner="BuiltIn">
<msg time="2025-08-23T16:34:13.067971" level="INFO">Slept 1 second.</msg>
<arg>1s</arg>
<doc>Pauses the test executed for the given time.</doc>
<status status="PASS" start="2025-08-23T16:34:12.066375" elapsed="1.001930"/>
</kw>
<kw name="Press Keys" owner="SeleniumLibrary">
<msg time="2025-08-23T16:34:13.069795" level="INFO">Sending key(s) ('BACKSPACE',) to id=fullName element.</msg>
<msg time="2025-08-23T16:34:13.344460" level="INFO">Pressing special key BACKSPACE to element.</msg>
<msg time="2025-08-23T16:34:13.344631" level="INFO">Releasing special key BACKSPACE.</msg>
<arg>${fullNamePosition}</arg>
<arg>BACKSPACE</arg>
<doc>Simulates the user pressing key(s) to an element or on the active browser.</doc>
<status status="PASS" start="2025-08-23T16:34:13.068794" elapsed="0.284598"/>
</kw>
<kw name="Sleep" owner="BuiltIn">
<msg time="2025-08-23T16:34:14.354000" level="INFO">Slept 1 second.</msg>
<arg>1s</arg>
<doc>Pauses the test executed for the given time.</doc>
<status status="PASS" start="2025-08-23T16:34:13.353630" elapsed="1.000554"/>
</kw>
<kw name="Input Text" owner="SeleniumLibrary">
<msg time="2025-08-23T16:34:14.354744" level="INFO">Typing text 'Roberto Jose' into text field 'id=fullName'.</msg>
<arg>${fullNamePosition}</arg>
<arg>${novoNome}</arg>
<doc>Types the given ``text`` into the text field identified by ``locator``.</doc>
<status status="PASS" start="2025-08-23T16:34:14.354420" elapsed="0.046852"/>
</kw>
<kw name="Sleep" owner="BuiltIn">
<msg time="2025-08-23T16:34:16.402439" level="INFO">Slept 2 seconds.</msg>
<arg>2s</arg>
<doc>Pauses the test executed for the given time.</doc>
<status status="PASS" start="2025-08-23T16:34:14.401415" elapsed="2.001199"/>
</kw>
<kw name="Click Button" owner="SeleniumLibrary">
<msg time="2025-08-23T16:34:16.403166" level="INFO">Clicking button 'id=save'.</msg>
<arg>${buttonSalvarUser}</arg>
<doc>Clicks the button identified by ``locator``.</doc>
<status status="PASS" start="2025-08-23T16:34:16.402848" elapsed="0.044828"/>
</kw>
<status status="PASS" start="2025-08-23T16:34:09.446415" elapsed="7.001339"/>
</kw>
<kw name="Fechar o navegador" owner="client" type="TEARDOWN">
<kw name="Close Browser" owner="SeleniumLibrary">
<doc>Closes the current browser.</doc>
<status status="PASS" start="2025-08-23T16:34:16.448222" elapsed="0.077195"/>
</kw>
<status status="PASS" start="2025-08-23T16:34:16.448070" elapsed="0.077412"/>
</kw>
<status status="PASS" start="2025-08-23T16:33:42.394215" elapsed="34.131321"/>
</test>
<status status="PASS" start="2025-08-23T16:33:42.317218" elapsed="34.208547"/>
</suite>
<statistics>
<total>
<stat pass="1" fail="0" skip="0">All Tests</stat>
</total>
<tag>
</tag>
<suite>
<stat name="Edit" id="s1" pass="1" fail="0" skip="0">Edit</stat>
</suite>
</statistics>
<errors>
<msg time="2025-08-23T16:33:47.161200" level="WARN">The chromedriver version (138.0.7204.157) detected in PATH at /opt/homebrew/bin/chromedriver might not be compatible with the detected chrome version (139.0.7258.139); currently, chromedriver 139.0.7258.138 is recommended for chrome 139.*, so it is advised to delete the driver in PATH and retry</msg>
</errors>
</robot>
